<?xml version="1.0" encoding="UTF-8"?>
<!-- Generated by org.testng.reporters.JUnitReportReporter -->
<testsuite hostname="AIPL-DSK-54" name="CucumberTest.QnetTest.SeleniumTest" tests="1" failures="0" timestamp="19 Apr 2017 11:17:00 GMT" time="18.578" errors="0">
  <testcase name="test" time="18.578" classname="CucumberTest.QnetTest.SeleniumTest"/>
</testsuite> <!-- CucumberTest.QnetTest.SeleniumTest -->
